<?xml version="1.0" encoding="UTF-8"?>
<testsuite name="com.journeyapps.barcodescanner.camera.FitCenterStrategyTest" tests="1" skipped="0" failures="0" errors="0" timestamp="2020-04-22T09:04:49" hostname="Ravis-MacBook-Pro.local" time="0.0">
  <properties/>
  <testcase name="testOrdering" classname="com.journeyapps.barcodescanner.camera.FitCenterStrategyTest" time="0.0"/>
  <system-out><![CDATA[]]></system-out>
  <system-err><![CDATA[]]></system-err>
</testsuite>
