<?xml version="1.0" encoding="UTF-8"?>
<testsuite name="com.pharmeasy.barcode.ExampleUnitTest" tests="1" skipped="0" failures="0" errors="0" timestamp="2020-05-18T07:14:49" hostname="Ravis-MacBook-Pro.local" time="0.002">
  <properties/>
  <testcase name="addition_isCorrect" classname="com.pharmeasy.barcode.ExampleUnitTest" time="0.002"/>
  <system-out><![CDATA[]]></system-out>
  <system-err><![CDATA[]]></system-err>
</testsuite>
